Determining if the pthread_create exist failed with the following output:
Change Dir: /home/maelic/robobreizh_simu_ws/build/CMakeFiles/CMakeTmp

Run Build Command:"/usr/bin/make" "cmTC_016ff/fast"
/usr/bin/make -f CMakeFiles/cmTC_016ff.dir/build.make CMakeFiles/cmTC_016ff.dir/build
make[1]: Entering directory '/home/maelic/robobreizh_simu_ws/build/CMakeFiles/CMakeTmp'
Building C object CMakeFiles/cmTC_016ff.dir/CheckSymbolExists.c.o
/usr/bin/cc     -o CMakeFiles/cmTC_016ff.dir/CheckSymbolExists.c.o   -c /home/maelic/robobreizh_simu_ws/build/CMakeFiles/CMakeTmp/CheckSymbolExists.c
Linking C executable cmTC_016ff
/usr/bin/cmake -E cmake_link_script CMakeFiles/cmTC_016ff.dir/link.txt --verbose=1
/usr/bin/cc       CMakeFiles/cmTC_016ff.dir/CheckSymbolExists.c.o  -o cmTC_016ff -rdynamic 
CMakeFiles/cmTC_016ff.dir/CheckSymbolExists.c.o: In function `main':
CheckSymbolExists.c:(.text+0x16): undefined reference to `pthread_create'
collect2: error: ld returned 1 exit status
CMakeFiles/cmTC_016ff.dir/build.make:97: recipe for target 'cmTC_016ff' failed
make[1]: *** [cmTC_016ff] Error 1
make[1]: Leaving directory '/home/maelic/robobreizh_simu_ws/build/CMakeFiles/CMakeTmp'
Makefile:126: recipe for target 'cmTC_016ff/fast' failed
make: *** [cmTC_016ff/fast] Error 2

File /home/maelic/robobreizh_simu_ws/build/CMakeFiles/CMakeTmp/CheckSymbolExists.c:
/* */
#include <pthread.h>

int main(int argc, char** argv)
{
  (void)argv;
#ifndef pthread_create
  return ((int*)(&pthread_create))[argc];
#else
  (void)argc;
  return 0;
#endif
}

Determining if the function pthread_create exists in the pthreads failed with the following output:
Change Dir: /home/maelic/robobreizh_simu_ws/build/CMakeFiles/CMakeTmp

Run Build Command:"/usr/bin/make" "cmTC_e690b/fast"
/usr/bin/make -f CMakeFiles/cmTC_e690b.dir/build.make CMakeFiles/cmTC_e690b.dir/build
make[1]: Entering directory '/home/maelic/robobreizh_simu_ws/build/CMakeFiles/CMakeTmp'
Building C object CMakeFiles/cmTC_e690b.dir/CheckFunctionExists.c.o
/usr/bin/cc    -DCHECK_FUNCTION_EXISTS=pthread_create   -o CMakeFiles/cmTC_e690b.dir/CheckFunctionExists.c.o   -c /usr/share/cmake-3.5/Modules/CheckFunctionExists.c
Linking C executable cmTC_e690b
/usr/bin/cmake -E cmake_link_script CMakeFiles/cmTC_e690b.dir/link.txt --verbose=1
/usr/bin/cc   -DCHECK_FUNCTION_EXISTS=pthread_create    CMakeFiles/cmTC_e690b.dir/CheckFunctionExists.c.o  -o cmTC_e690b -rdynamic -lpthreads 
/usr/bin/ld: cannot find -lpthreads
collect2: error: ld returned 1 exit status
CMakeFiles/cmTC_e690b.dir/build.make:97: recipe for target 'cmTC_e690b' failed
make[1]: *** [cmTC_e690b] Error 1
make[1]: Leaving directory '/home/maelic/robobreizh_simu_ws/build/CMakeFiles/CMakeTmp'
Makefile:126: recipe for target 'cmTC_e690b/fast' failed
make: *** [cmTC_e690b/fast] Error 2


